<?xml version="1.0" encoding="UTF-8"?>
<coverage generated="1651641158610" clover="3.2.0">
  <project timestamp="1651641158611" name="All files">
    <metrics statements="114" coveredstatements="89" conditionals="48" coveredconditionals="28" methods="41" coveredmethods="25" elements="203" coveredelements="142" complexity="0" loc="114" ncloc="114" packages="5" files="9" classes="9"/>
    <package name="ex01">
      <metrics statements="2" coveredstatements="2" conditionals="6" coveredconditionals="3" methods="1" coveredmethods="1"/>
      <file name="ex01.tsx" path="C:\Cmder\dev\workshop-test\src\exercises\ex01\ex01.tsx">
        <metrics statements="2" coveredstatements="2" conditionals="6" coveredconditionals="3" methods="1" coveredmethods="1"/>
        <line num="1" count="1" type="stmt"/>
        <line num="2" count="6" type="stmt"/>
      </file>
    </package>
    <package name="ex02">
      <metrics statements="17" coveredstatements="17" conditionals="6" coveredconditionals="6" methods="8" coveredmethods="8"/>
      <file name="ex02.tsx" path="C:\Cmder\dev\workshop-test\src\exercises\ex02\ex02.tsx">
        <metrics statements="17" coveredstatements="17" conditionals="6" coveredconditionals="6" methods="8" coveredmethods="8"/>
        <line num="3" count="1" type="cond" truecount="1" falsecount="0"/>
        <line num="4" count="29" type="stmt"/>
        <line num="5" count="29" type="stmt"/>
        <line num="6" count="29" type="stmt"/>
        <line num="7" count="29" type="stmt"/>
        <line num="8" count="29" type="stmt"/>
        <line num="10" count="29" type="stmt"/>
        <line num="11" count="3" type="stmt"/>
        <line num="12" count="3" type="stmt"/>
        <line num="16" count="29" type="stmt"/>
        <line num="30" count="6" type="stmt"/>
        <line num="37" count="14" type="stmt"/>
        <line num="42" count="2" type="stmt"/>
        <line num="43" count="2" type="stmt"/>
        <line num="44" count="2" type="stmt"/>
        <line num="45" count="2" type="stmt"/>
        <line num="47" count="2" type="stmt"/>
      </file>
    </package>
    <package name="ex03">
      <metrics statements="65" coveredstatements="44" conditionals="33" coveredconditionals="17" methods="22" coveredmethods="12"/>
      <file name="ex03.tsx" path="C:\Cmder\dev\workshop-test\src\exercises\ex03\ex03.tsx">
        <metrics statements="15" coveredstatements="13" conditionals="3" coveredconditionals="2" methods="6" coveredmethods="5"/>
        <line num="6" count="1" type="stmt"/>
        <line num="8" count="1" type="cond" truecount="1" falsecount="0"/>
        <line num="9" count="1" type="cond" truecount="1" falsecount="1"/>
        <line num="10" count="0" type="stmt"/>
        <line num="12" count="1" type="stmt"/>
        <line num="15" count="1" type="stmt"/>
        <line num="17" count="1" type="stmt"/>
        <line num="18" count="0" type="stmt"/>
        <line num="25" count="1" type="stmt"/>
        <line num="26" count="4" type="stmt"/>
        <line num="27" count="4" type="stmt"/>
        <line num="28" count="4" type="stmt"/>
        <line num="29" count="4" type="stmt"/>
        <line num="30" count="4" type="stmt"/>
        <line num="39" count="1" type="stmt"/>
      </file>
      <file name="mocks.tsx" path="C:\Cmder\dev\workshop-test\src\exercises\ex03\mocks.tsx">
        <metrics statements="50" coveredstatements="31" conditionals="30" coveredconditionals="15" methods="16" coveredmethods="7"/>
        <line num="14" count="1" type="stmt"/>
        <line num="16" count="1" type="stmt"/>
        <line num="19" count="4" type="cond" truecount="2" falsecount="0"/>
        <line num="20" count="1" type="stmt"/>
        <line num="22" count="4" type="stmt"/>
        <line num="26" count="3" type="stmt"/>
        <line num="33" count="1" type="stmt"/>
        <line num="34" count="1" type="stmt"/>
        <line num="35" count="1" type="stmt"/>
        <line num="38" count="1" type="stmt"/>
        <line num="44" count="1" type="stmt"/>
        <line num="50" count="1" type="stmt"/>
        <line num="52" count="4" type="stmt"/>
        <line num="56" count="1" type="stmt"/>
        <line num="57" count="0" type="stmt"/>
        <line num="58" count="0" type="stmt"/>
        <line num="62" count="1" type="stmt"/>
        <line num="63" count="0" type="stmt"/>
        <line num="64" count="0" type="stmt"/>
        <line num="68" count="1" type="stmt"/>
        <line num="69" count="0" type="stmt"/>
        <line num="71" count="1" type="stmt"/>
        <line num="76" count="0" type="stmt"/>
        <line num="83" count="0" type="stmt"/>
        <line num="86" count="1" type="stmt"/>
        <line num="96" count="1" type="cond" truecount="0" falsecount="1"/>
        <line num="97" count="4" type="cond" truecount="1" falsecount="1"/>
        <line num="98" count="4" type="stmt"/>
        <line num="99" count="4" type="stmt"/>
        <line num="100" count="4" type="cond" truecount="1" falsecount="1"/>
        <line num="101" count="0" type="stmt"/>
        <line num="102" count="0" type="stmt"/>
        <line num="105" count="0" type="stmt"/>
        <line num="106" count="0" type="stmt"/>
        <line num="108" count="0" type="cond" truecount="0" falsecount="2"/>
        <line num="109" count="0" type="stmt"/>
        <line num="111" count="0" type="cond" truecount="0" falsecount="2"/>
        <line num="112" count="0" type="stmt"/>
        <line num="117" count="4" type="stmt"/>
        <line num="135" count="1" type="cond" truecount="1" falsecount="1"/>
        <line num="136" count="0" type="stmt"/>
        <line num="137" count="1" type="cond" truecount="1" falsecount="1"/>
        <line num="139" count="0" type="cond" truecount="0" falsecount="2"/>
        <line num="141" count="0" type="stmt"/>
        <line num="144" count="0" type="stmt"/>
        <line num="146" count="1" type="stmt"/>
        <line num="147" count="4" type="stmt"/>
        <line num="149" count="1" type="stmt"/>
        <line num="153" count="1" type="stmt"/>
        <line num="156" count="1" type="stmt"/>
      </file>
    </package>
    <package name="ex04">
      <metrics statements="10" coveredstatements="9" conditionals="3" coveredconditionals="2" methods="2" coveredmethods="2"/>
      <file name="actions.ts" path="C:\Cmder\dev\workshop-test\src\exercises\ex04\actions.ts">
        <metrics statements="4" coveredstatements="4" conditionals="0" coveredconditionals="0" methods="1" coveredmethods="1"/>
        <line num="7" count="1" type="stmt"/>
        <line num="8" count="1" type="stmt"/>
        <line num="10" count="1" type="stmt"/>
        <line num="12" count="1" type="stmt"/>
      </file>
      <file name="reducer.ts" path="C:\Cmder\dev\workshop-test\src\exercises\ex04\reducer.ts">
        <metrics statements="6" coveredstatements="5" conditionals="3" coveredconditionals="2" methods="1" coveredmethods="1"/>
        <line num="3" count="1" type="stmt"/>
        <line num="7" count="1" type="cond" truecount="0" falsecount="1"/>
        <line num="8" count="2" type="cond" truecount="2" falsecount="0"/>
        <line num="10" count="1" type="stmt"/>
        <line num="12" count="1" type="stmt"/>
        <line num="14" count="0" type="stmt"/>
      </file>
    </package>
    <package name="ex05">
      <metrics statements="20" coveredstatements="17" conditionals="0" coveredconditionals="0" methods="8" coveredmethods="2"/>
      <file name="actions.ts" path="C:\Cmder\dev\workshop-test\src\exercises\ex05\actions.ts">
        <metrics statements="10" coveredstatements="10" conditionals="0" coveredconditionals="0" methods="3" coveredmethods="1"/>
        <line num="7" count="1" type="stmt"/>
        <line num="8" count="1" type="stmt"/>
        <line num="10" count="1" type="stmt"/>
        <line num="11" count="1" type="stmt"/>
        <line num="13" count="1" type="stmt"/>
        <line num="15" count="1" type="stmt"/>
        <line num="20" count="1" type="stmt"/>
        <line num="25" count="1" type="stmt"/>
        <line num="29" count="1" type="stmt"/>
        <line num="30" count="1" type="stmt"/>
      </file>
      <file name="api.ts" path="C:\Cmder\dev\workshop-test\src\exercises\ex05\api.ts">
        <metrics statements="4" coveredstatements="2" conditionals="0" coveredconditionals="0" methods="3" coveredmethods="0"/>
        <line num="1" count="1" type="stmt"/>
        <line num="3" count="1" type="stmt"/>
        <line num="4" count="0" type="stmt"/>
        <line num="5" count="0" type="stmt"/>
      </file>
      <file name="saga.ts" path="C:\Cmder\dev\workshop-test\src\exercises\ex05\saga.ts">
        <metrics statements="6" coveredstatements="5" conditionals="0" coveredconditionals="0" methods="2" coveredmethods="1"/>
        <line num="11" count="1" type="stmt"/>
        <line num="13" count="1" type="stmt"/>
        <line num="14" count="1" type="stmt"/>
        <line num="15" count="1" type="stmt"/>
        <line num="16" count="1" type="stmt"/>
        <line num="20" count="0" type="stmt"/>
      </file>
    </package>
  </project>
</coverage>
