{"C:\\Cmder\\dev\\workshop-test\\src\\exercises\\ex01\\ex01.tsx": {"path":"C:\\Cmder\\dev\\workshop-test\\src\\exercises\\ex01\\ex01.tsx","statementMap":{"0":{"start":{"line":1,"column":13},"end":{"line":12,"column":3}},"1":{"start":{"line":2,"column":4},"end":{"line":11,"column":6}}},"fnMap":{"0":{"name":"(anonymous_0)","decl":{"start":{"line":1,"column":13},"end":{"line":1,"column":14}},"loc":{"start":{"line":1,"column":19},"end":{"line":12,"column":3}},"line":1}},"branchMap":{"0":{"loc":{"start":{"line":5,"column":9},"end":{"line":5,"column":55}},"type":"binary-expr","locations":[{"start":{"line":5,"column":9},"end":{"line":5,"column":14}},{"start":{"line":5,"column":18},"end":{"line":5,"column":55}}],"line":5},"1":{"loc":{"start":{"line":7,"column":9},"end":{"line":7,"column":32}},"type":"binary-expr","locations":[{"start":{"line":7,"column":9},"end":{"line":7,"column":14}},{"start":{"line":7,"column":18},"end":{"line":7,"column":32}}],"line":7},"2":{"loc":{"start":{"line":9,"column":9},"end":{"line":9,"column":54}},"type":"binary-expr","locations":[{"start":{"line":9,"column":9},"end":{"line":9,"column":14}},{"start":{"line":9,"column":18},"end":{"line":9,"column":54}}],"line":9}},"s":{"0":1,"1":6},"f":{"0":6},"b":{"0":[6,0],"1":[6,0],"2":[6,0]},"_coverageSchema":"1a1c01bbd47fc00a2c39e90264f33305004495a9","hash":"66db76f95b4b4c3ae49492217fe5a927723aedb3"}
,"C:\\Cmder\\dev\\workshop-test\\src\\exercises\\ex02\\ex02.tsx": {"path":"C:\\Cmder\\dev\\workshop-test\\src\\exercises\\ex02\\ex02.tsx","statementMap":{"0":{"start":{"line":3,"column":13},"end":{"line":60,"column":1}},"1":{"start":{"line":4,"column":32},"end":{"line":4,"column":46}},"2":{"start":{"line":5,"column":26},"end":{"line":5,"column":38}},"3":{"start":{"line":6,"column":34},"end":{"line":6,"column":46}},"4":{"start":{"line":7,"column":38},"end":{"line":7,"column":67}},"5":{"start":{"line":8,"column":42},"end":{"line":8,"column":57}},"6":{"start":{"line":10,"column":2},"end":{"line":14,"column":9}},"7":{"start":{"line":11,"column":4},"end":{"line":13,"column":12}},"8":{"start":{"line":12,"column":6},"end":{"line":12,"column":24}},"9":{"start":{"line":16,"column":2},"end":{"line":59,"column":4}},"10":{"start":{"line":30,"column":31},"end":{"line":30,"column":54}},"11":{"start":{"line":37,"column":29},"end":{"line":37,"column":56}},"12":{"start":{"line":42,"column":16},"end":{"line":42,"column":50}},"13":{"start":{"line":43,"column":16},"end":{"line":43,"column":38}},"14":{"start":{"line":44,"column":16},"end":{"line":46,"column":24}},"15":{"start":{"line":45,"column":18},"end":{"line":45,"column":41}},"16":{"start":{"line":47,"column":16},"end":{"line":47,"column":36}}},"fnMap":{"0":{"name":"(anonymous_0)","decl":{"start":{"line":3,"column":13},"end":{"line":3,"column":14}},"loc":{"start":{"line":3,"column":70},"end":{"line":60,"column":1}},"line":3},"1":{"name":"(anonymous_1)","decl":{"start":{"line":3,"column":32},"end":{"line":3,"column":33}},"loc":{"start":{"line":3,"column":61},"end":{"line":3,"column":63}},"line":3},"2":{"name":"(anonymous_2)","decl":{"start":{"line":10,"column":12},"end":{"line":10,"column":13}},"loc":{"start":{"line":10,"column":18},"end":{"line":14,"column":3}},"line":10},"3":{"name":"(anonymous_3)","decl":{"start":{"line":11,"column":15},"end":{"line":11,"column":16}},"loc":{"start":{"line":11,"column":21},"end":{"line":13,"column":5}},"line":11},"4":{"name":"(anonymous_4)","decl":{"start":{"line":30,"column":24},"end":{"line":30,"column":25}},"loc":{"start":{"line":30,"column":31},"end":{"line":30,"column":54}},"line":30},"5":{"name":"(anonymous_5)","decl":{"start":{"line":37,"column":22},"end":{"line":37,"column":23}},"loc":{"start":{"line":37,"column":29},"end":{"line":37,"column":56}},"line":37},"6":{"name":"(anonymous_6)","decl":{"start":{"line":41,"column":23},"end":{"line":41,"column":24}},"loc":{"start":{"line":41,"column":29},"end":{"line":48,"column":15}},"line":41},"7":{"name":"(anonymous_7)","decl":{"start":{"line":44,"column":27},"end":{"line":44,"column":28}},"loc":{"start":{"line":44,"column":33},"end":{"line":46,"column":17}},"line":44}},"branchMap":{"0":{"loc":{"start":{"line":3,"column":16},"end":{"line":3,"column":63}},"type":"default-arg","locations":[{"start":{"line":3,"column":32},"end":{"line":3,"column":63}}],"line":3},"1":{"loc":{"start":{"line":18,"column":7},"end":{"line":57,"column":7}},"type":"cond-expr","locations":[{"start":{"line":19,"column":8},"end":{"line":19,"column":26}},{"start":{"line":21,"column":8},"end":{"line":56,"column":14}}],"line":18},"2":{"loc":{"start":{"line":53,"column":11},"end":{"line":55,"column":11}},"type":"binary-expr","locations":[{"start":{"line":53,"column":11},"end":{"line":53,"column":21}},{"start":{"line":53,"column":25},"end":{"line":53,"column":38}},{"start":{"line":54,"column":12},"end":{"line":54,"column":50}}],"line":53}},"s":{"0":1,"1":29,"2":29,"3":29,"4":29,"5":29,"6":29,"7":3,"8":3,"9":29,"10":6,"11":14,"12":2,"13":2,"14":2,"15":2,"16":2},"f":{"0":29,"1":1,"2":3,"3":3,"4":6,"5":14,"6":2,"7":2},"b":{"0":[16],"1":[3,26],"2":[26,3,1]},"_coverageSchema":"1a1c01bbd47fc00a2c39e90264f33305004495a9","hash":"b37c674ce2d9f450f48b71c9dbe5c8cd7cd100c5"}
,"C:\\Cmder\\dev\\workshop-test\\src\\exercises\\ex03\\ex03.tsx": {"path":"C:\\Cmder\\dev\\workshop-test\\src\\exercises\\ex03\\ex03.tsx","statementMap":{"0":{"start":{"line":6,"column":21},"end":{"line":6,"column":46}},"1":{"start":{"line":8,"column":16},"end":{"line":13,"column":1}},"2":{"start":{"line":9,"column":2},"end":{"line":11,"column":3}},"3":{"start":{"line":10,"column":4},"end":{"line":10,"column":48}},"4":{"start":{"line":12,"column":2},"end":{"line":12,"column":15}},"5":{"start":{"line":15,"column":14},"end":{"line":15,"column":41}},"6":{"start":{"line":17,"column":22},"end":{"line":23,"column":1}},"7":{"start":{"line":18,"column":2},"end":{"line":22,"column":4}},"8":{"start":{"line":25,"column":13},"end":{"line":43,"column":1}},"9":{"start":{"line":26,"column":19},"end":{"line":26,"column":32}},"10":{"start":{"line":27,"column":19},"end":{"line":27,"column":32}},"11":{"start":{"line":28,"column":15},"end":{"line":28,"column":54}},"12":{"start":{"line":28,"column":43},"end":{"line":28,"column":53}},"13":{"start":{"line":29,"column":16},"end":{"line":29,"column":56}},"14":{"start":{"line":29,"column":44},"end":{"line":29,"column":55}},"15":{"start":{"line":30,"column":2},"end":{"line":42,"column":4}},"16":{"start":{"line":39,"column":29},"end":{"line":39,"column":55}}},"fnMap":{"0":{"name":"(anonymous_0)","decl":{"start":{"line":8,"column":16},"end":{"line":8,"column":17}},"loc":{"start":{"line":8,"column":55},"end":{"line":13,"column":1}},"line":8},"1":{"name":"(anonymous_1)","decl":{"start":{"line":17,"column":22},"end":{"line":17,"column":23}},"loc":{"start":{"line":17,"column":28},"end":{"line":23,"column":1}},"line":17},"2":{"name":"(anonymous_2)","decl":{"start":{"line":25,"column":13},"end":{"line":25,"column":14}},"loc":{"start":{"line":25,"column":19},"end":{"line":43,"column":1}},"line":25},"3":{"name":"(anonymous_3)","decl":{"start":{"line":28,"column":27},"end":{"line":28,"column":28}},"loc":{"start":{"line":28,"column":43},"end":{"line":28,"column":53}},"line":28},"4":{"name":"(anonymous_4)","decl":{"start":{"line":29,"column":28},"end":{"line":29,"column":29}},"loc":{"start":{"line":29,"column":44},"end":{"line":29,"column":55}},"line":29},"5":{"name":"(anonymous_5)","decl":{"start":{"line":39,"column":23},"end":{"line":39,"column":24}},"loc":{"start":{"line":39,"column":29},"end":{"line":39,"column":55}},"line":39}},"branchMap":{"0":{"loc":{"start":{"line":8,"column":17},"end":{"line":8,"column":37}},"type":"default-arg","locations":[{"start":{"line":8,"column":25},"end":{"line":8,"column":37}}],"line":8},"1":{"loc":{"start":{"line":9,"column":2},"end":{"line":11,"column":3}},"type":"if","locations":[{"start":{"line":9,"column":2},"end":{"line":11,"column":3}},{"start":{},"end":{}}],"line":9}},"s":{"0":1,"1":1,"2":1,"3":0,"4":1,"5":1,"6":1,"7":0,"8":1,"9":4,"10":4,"11":4,"12":4,"13":4,"14":4,"15":4,"16":1},"f":{"0":1,"1":0,"2":4,"3":4,"4":4,"5":1},"b":{"0":[1],"1":[0,1]},"_coverageSchema":"1a1c01bbd47fc00a2c39e90264f33305004495a9","hash":"98f838e6f987c9fc87ac639df98f593f2486de94"}
,"C:\\Cmder\\dev\\workshop-test\\src\\exercises\\ex03\\mocks.tsx": {"path":"C:\\Cmder\\dev\\workshop-test\\src\\exercises\\ex03\\mocks.tsx","statementMap":{"0":{"start":{"line":14,"column":19},"end":{"line":14,"column":20}},"1":{"start":{"line":16,"column":24},"end":{"line":16,"column":28}},"2":{"start":{"line":19,"column":2},"end":{"line":21,"column":3}},"3":{"start":{"line":20,"column":4},"end":{"line":20,"column":44}},"4":{"start":{"line":22,"column":2},"end":{"line":22,"column":27}},"5":{"start":{"line":26,"column":2},"end":{"line":26,"column":66}},"6":{"start":{"line":33,"column":16},"end":{"line":33,"column":32}},"7":{"start":{"line":34,"column":19},"end":{"line":34,"column":64}},"8":{"start":{"line":35,"column":2},"end":{"line":35,"column":27}},"9":{"start":{"line":38,"column":28},"end":{"line":42,"column":19}},"10":{"start":{"line":44,"column":37},"end":{"line":48,"column":28}},"11":{"start":{"line":50,"column":26},"end":{"line":54,"column":1}},"12":{"start":{"line":52,"column":4},"end":{"line":52,"column":54}},"13":{"start":{"line":56,"column":26},"end":{"line":60,"column":1}},"14":{"start":{"line":57,"column":2},"end":{"line":59,"column":3}},"15":{"start":{"line":58,"column":4},"end":{"line":58,"column":36}},"16":{"start":{"line":62,"column":26},"end":{"line":66,"column":1}},"17":{"start":{"line":63,"column":2},"end":{"line":65,"column":3}},"18":{"start":{"line":64,"column":4},"end":{"line":64,"column":36}},"19":{"start":{"line":68,"column":27},"end":{"line":69,"column":42}},"20":{"start":{"line":69,"column":2},"end":{"line":69,"column":42}},"21":{"start":{"line":71,"column":31},"end":{"line":84,"column":1}},"22":{"start":{"line":76,"column":15},"end":{"line":82,"column":3}},"23":{"start":{"line":83,"column":2},"end":{"line":83,"column":75}},"24":{"start":{"line":86,"column":29},"end":{"line":154,"column":1}},"25":{"start":{"line":96,"column":25},"end":{"line":134,"column":3}},"26":{"start":{"line":97,"column":20},"end":{"line":97,"column":61}},"27":{"start":{"line":98,"column":42},"end":{"line":98,"column":46}},"28":{"start":{"line":99,"column":34},"end":{"line":99,"column":38}},"29":{"start":{"line":100,"column":4},"end":{"line":116,"column":5}},"30":{"start":{"line":101,"column":6},"end":{"line":101,"column":32}},"31":{"start":{"line":102,"column":6},"end":{"line":115,"column":9}},"32":{"start":{"line":105,"column":46},"end":{"line":105,"column":63}},"33":{"start":{"line":106,"column":26},"end":{"line":106,"column":66}},"34":{"start":{"line":108,"column":12},"end":{"line":110,"column":19}},"35":{"start":{"line":109,"column":14},"end":{"line":109,"column":31}},"36":{"start":{"line":111,"column":10},"end":{"line":113,"column":11}},"37":{"start":{"line":112,"column":12},"end":{"line":112,"column":36}},"38":{"start":{"line":117,"column":4},"end":{"line":133,"column":6}},"39":{"start":{"line":135,"column":2},"end":{"line":145,"column":3}},"40":{"start":{"line":136,"column":4},"end":{"line":136,"column":66}},"41":{"start":{"line":136,"column":38},"end":{"line":136,"column":64}},"42":{"start":{"line":137,"column":9},"end":{"line":145,"column":3}},"43":{"start":{"line":139,"column":13},"end":{"line":139,"column":58}},"44":{"start":{"line":141,"column":8},"end":{"line":141,"column":42}},"45":{"start":{"line":144,"column":4},"end":{"line":144,"column":25}},"46":{"start":{"line":146,"column":24},"end":{"line":148,"column":3}},"47":{"start":{"line":147,"column":4},"end":{"line":147,"column":33}},"48":{"start":{"line":149,"column":2},"end":{"line":152,"column":5}},"49":{"start":{"line":153,"column":2},"end":{"line":153,"column":23}},"50":{"start":{"line":156,"column":22},"end":{"line":156,"column":54}},"51":{"start":{"line":156,"column":37},"end":{"line":156,"column":54}}},"fnMap":{"0":{"name":"mockStore","decl":{"start":{"line":18,"column":16},"end":{"line":18,"column":25}},"loc":{"start":{"line":18,"column":45},"end":{"line":23,"column":1}},"line":18},"1":{"name":"mockProviderFunc","decl":{"start":{"line":25,"column":9},"end":{"line":25,"column":25}},"loc":{"start":{"line":25,"column":66},"end":{"line":27,"column":1}},"line":25},"2":{"name":"mockProviderWithStoreFunc","decl":{"start":{"line":29,"column":9},"end":{"line":29,"column":34}},"loc":{"start":{"line":32,"column":45},"end":{"line":36,"column":1}},"line":32},"3":{"name":"(anonymous_3)","decl":{"start":{"line":51,"column":2},"end":{"line":51,"column":3}},"loc":{"start":{"line":52,"column":4},"end":{"line":52,"column":54}},"line":52},"4":{"name":"(anonymous_4)","decl":{"start":{"line":56,"column":26},"end":{"line":56,"column":27}},"loc":{"start":{"line":56,"column":52},"end":{"line":60,"column":1}},"line":56},"5":{"name":"(anonymous_5)","decl":{"start":{"line":62,"column":26},"end":{"line":62,"column":27}},"loc":{"start":{"line":62,"column":52},"end":{"line":66,"column":1}},"line":62},"6":{"name":"(anonymous_6)","decl":{"start":{"line":68,"column":27},"end":{"line":68,"column":28}},"loc":{"start":{"line":69,"column":2},"end":{"line":69,"column":42}},"line":69},"7":{"name":"(anonymous_7)","decl":{"start":{"line":71,"column":31},"end":{"line":71,"column":32}},"loc":{"start":{"line":75,"column":5},"end":{"line":84,"column":1}},"line":75},"8":{"name":"(anonymous_8)","decl":{"start":{"line":86,"column":29},"end":{"line":86,"column":30}},"loc":{"start":{"line":95,"column":5},"end":{"line":154,"column":1}},"line":95},"9":{"name":"(anonymous_9)","decl":{"start":{"line":96,"column":25},"end":{"line":96,"column":26}},"loc":{"start":{"line":96,"column":74},"end":{"line":134,"column":3}},"line":96},"10":{"name":"(anonymous_10)","decl":{"start":{"line":104,"column":17},"end":{"line":104,"column":18}},"loc":{"start":{"line":104,"column":33},"end":{"line":114,"column":9}},"line":104},"11":{"name":"(anonymous_11)","decl":{"start":{"line":108,"column":49},"end":{"line":108,"column":50}},"loc":{"start":{"line":109,"column":14},"end":{"line":109,"column":31}},"line":109},"12":{"name":"(anonymous_12)","decl":{"start":{"line":136,"column":22},"end":{"line":136,"column":23}},"loc":{"start":{"line":136,"column":38},"end":{"line":136,"column":64}},"line":136},"13":{"name":"(anonymous_13)","decl":{"start":{"line":140,"column":6},"end":{"line":140,"column":7}},"loc":{"start":{"line":140,"column":15},"end":{"line":142,"column":7}},"line":140},"14":{"name":"(anonymous_14)","decl":{"start":{"line":146,"column":24},"end":{"line":146,"column":25}},"loc":{"start":{"line":146,"column":46},"end":{"line":148,"column":3}},"line":146},"15":{"name":"(anonymous_15)","decl":{"start":{"line":156,"column":22},"end":{"line":156,"column":23}},"loc":{"start":{"line":156,"column":37},"end":{"line":156,"column":54}},"line":156}},"branchMap":{"0":{"loc":{"start":{"line":19,"column":2},"end":{"line":21,"column":3}},"type":"if","locations":[{"start":{"line":19,"column":2},"end":{"line":21,"column":3}},{"start":{},"end":{}}],"line":19},"1":{"loc":{"start":{"line":87,"column":2},"end":{"line":87,"column":53}},"type":"default-arg","locations":[{"start":{"line":87,"column":42},"end":{"line":87,"column":53}}],"line":87},"2":{"loc":{"start":{"line":88,"column":2},"end":{"line":94,"column":8}},"type":"default-arg","locations":[{"start":{"line":94,"column":6},"end":{"line":94,"column":8}}],"line":88},"3":{"loc":{"start":{"line":89,"column":16},"end":{"line":89,"column":35}},"type":"default-arg","locations":[{"start":{"line":89,"column":30},"end":{"line":89,"column":35}}],"line":89},"4":{"loc":{"start":{"line":90,"column":4},"end":{"line":90,"column":19}},"type":"default-arg","locations":[{"start":{"line":90,"column":14},"end":{"line":90,"column":19}}],"line":90},"5":{"loc":{"start":{"line":91,"column":4},"end":{"line":91,"column":26}},"type":"default-arg","locations":[{"start":{"line":91,"column":21},"end":{"line":91,"column":26}}],"line":91},"6":{"loc":{"start":{"line":92,"column":4},"end":{"line":92,"column":22}},"type":"default-arg","locations":[{"start":{"line":92,"column":20},"end":{"line":92,"column":22}}],"line":92},"7":{"loc":{"start":{"line":93,"column":4},"end":{"line":93,"column":28}},"type":"default-arg","locations":[{"start":{"line":93,"column":23},"end":{"line":93,"column":28}}],"line":93},"8":{"loc":{"start":{"line":96,"column":26},"end":{"line":96,"column":58}},"type":"default-arg","locations":[{"start":{"line":96,"column":56},"end":{"line":96,"column":58}}],"line":96},"9":{"loc":{"start":{"line":97,"column":20},"end":{"line":97,"column":61}},"type":"cond-expr","locations":[{"start":{"line":97,"column":47},"end":{"line":97,"column":56}},{"start":{"line":97,"column":59},"end":{"line":97,"column":61}}],"line":97},"10":{"loc":{"start":{"line":100,"column":4},"end":{"line":116,"column":5}},"type":"if","locations":[{"start":{"line":100,"column":4},"end":{"line":116,"column":5}},{"start":{},"end":{}}],"line":100},"11":{"loc":{"start":{"line":108,"column":12},"end":{"line":110,"column":19}},"type":"binary-expr","locations":[{"start":{"line":108,"column":12},"end":{"line":110,"column":13}},{"start":{"line":110,"column":17},"end":{"line":110,"column":19}}],"line":108},"12":{"loc":{"start":{"line":111,"column":10},"end":{"line":113,"column":11}},"type":"if","locations":[{"start":{"line":111,"column":10},"end":{"line":113,"column":11}},{"start":{},"end":{}}],"line":111},"13":{"loc":{"start":{"line":124,"column":16},"end":{"line":124,"column":34}},"type":"cond-expr","locations":[{"start":{"line":124,"column":22},"end":{"line":124,"column":29}},{"start":{"line":124,"column":32},"end":{"line":124,"column":34}}],"line":124},"14":{"loc":{"start":{"line":125,"column":16},"end":{"line":127,"column":18}},"type":"cond-expr","locations":[{"start":{"line":126,"column":16},"end":{"line":126,"column":59}},{"start":{"line":127,"column":16},"end":{"line":127,"column":18}}],"line":125},"15":{"loc":{"start":{"line":129,"column":10},"end":{"line":129,"column":61}},"type":"cond-expr","locations":[{"start":{"line":129,"column":27},"end":{"line":129,"column":50}},{"start":{"line":129,"column":53},"end":{"line":129,"column":61}}],"line":129},"16":{"loc":{"start":{"line":135,"column":2},"end":{"line":145,"column":3}},"type":"if","locations":[{"start":{"line":135,"column":2},"end":{"line":145,"column":3}},{"start":{"line":137,"column":9},"end":{"line":145,"column":3}}],"line":135},"17":{"loc":{"start":{"line":137,"column":9},"end":{"line":145,"column":3}},"type":"if","locations":[{"start":{"line":137,"column":9},"end":{"line":145,"column":3}},{"start":{},"end":{}}],"line":137},"18":{"loc":{"start":{"line":139,"column":13},"end":{"line":139,"column":58}},"type":"cond-expr","locations":[{"start":{"line":139,"column":38},"end":{"line":139,"column":40}},{"start":{"line":139,"column":43},"end":{"line":139,"column":58}}],"line":139}},"s":{"0":1,"1":1,"2":4,"3":1,"4":4,"5":3,"6":1,"7":1,"8":1,"9":1,"10":1,"11":1,"12":4,"13":1,"14":0,"15":0,"16":1,"17":0,"18":0,"19":1,"20":0,"21":1,"22":0,"23":0,"24":1,"25":1,"26":4,"27":4,"28":4,"29":4,"30":0,"31":0,"32":0,"33":0,"34":0,"35":0,"36":0,"37":0,"38":4,"39":1,"40":0,"41":0,"42":1,"43":0,"44":0,"45":0,"46":1,"47":4,"48":1,"49":1,"50":1,"51":0},"f":{"0":4,"1":3,"2":1,"3":4,"4":0,"5":0,"6":0,"7":0,"8":1,"9":4,"10":0,"11":0,"12":0,"13":0,"14":4,"15":0},"b":{"0":[1,3],"1":[0],"2":[1],"3":[1],"4":[1],"5":[1],"6":[1],"7":[1],"8":[0],"9":[0,4],"10":[0,4],"11":[0,0],"12":[0,0],"13":[0,4],"14":[0,4],"15":[0,4],"16":[0,1],"17":[0,1],"18":[0,0]},"_coverageSchema":"1a1c01bbd47fc00a2c39e90264f33305004495a9","hash":"8240e11bc912d1195d84158e9c9efa1eda470aac"}
,"C:\\Cmder\\dev\\workshop-test\\src\\exercises\\ex04\\actions.ts": {"path":"C:\\Cmder\\dev\\workshop-test\\src\\exercises\\ex04\\actions.ts","statementMap":{"0":{"start":{"line":7,"column":32},"end":{"line":7,"column":50}},"1":{"start":{"line":8,"column":27},"end":{"line":8,"column":40}},"2":{"start":{"line":10,"column":39},"end":{"line":10,"column":65}},"3":{"start":{"line":12,"column":26},"end":{"line":15,"column":2}},"4":{"start":{"line":12,"column":67},"end":{"line":15,"column":1}}},"fnMap":{"0":{"name":"(anonymous_0)","decl":{"start":{"line":12,"column":26},"end":{"line":12,"column":27}},"loc":{"start":{"line":12,"column":67},"end":{"line":15,"column":1}},"line":12}},"branchMap":{},"s":{"0":1,"1":1,"2":1,"3":1,"4":1},"f":{"0":1},"b":{},"_coverageSchema":"1a1c01bbd47fc00a2c39e90264f33305004495a9","hash":"c7351075fef6f8df6ba0f6a4905f414d1cbd037e"}
,"C:\\Cmder\\dev\\workshop-test\\src\\exercises\\ex04\\reducer.ts": {"path":"C:\\Cmder\\dev\\workshop-test\\src\\exercises\\ex04\\reducer.ts","statementMap":{"0":{"start":{"line":3,"column":21},"end":{"line":5,"column":1}},"1":{"start":{"line":7,"column":16},"end":{"line":15,"column":1}},"2":{"start":{"line":8,"column":2},"end":{"line":13,"column":3}},"3":{"start":{"line":10,"column":6},"end":{"line":10,"column":54}},"4":{"start":{"line":12,"column":6},"end":{"line":12,"column":51}},"5":{"start":{"line":14,"column":2},"end":{"line":14,"column":22}}},"fnMap":{"0":{"name":"(anonymous_0)","decl":{"start":{"line":7,"column":16},"end":{"line":7,"column":17}},"loc":{"start":{"line":7,"column":55},"end":{"line":15,"column":1}},"line":7}},"branchMap":{"0":{"loc":{"start":{"line":7,"column":17},"end":{"line":7,"column":37}},"type":"default-arg","locations":[{"start":{"line":7,"column":25},"end":{"line":7,"column":37}}],"line":7},"1":{"loc":{"start":{"line":8,"column":2},"end":{"line":13,"column":3}},"type":"switch","locations":[{"start":{"line":9,"column":4},"end":{"line":10,"column":54}},{"start":{"line":11,"column":4},"end":{"line":12,"column":51}}],"line":8}},"s":{"0":1,"1":1,"2":2,"3":1,"4":1,"5":0},"f":{"0":2},"b":{"0":[0],"1":[1,1]},"_coverageSchema":"1a1c01bbd47fc00a2c39e90264f33305004495a9","hash":"b64c6e32cf2f36a8b8b049ad97f33f3230633e6b"}
,"C:\\Cmder\\dev\\workshop-test\\src\\exercises\\ex05\\actions.ts": {"path":"C:\\Cmder\\dev\\workshop-test\\src\\exercises\\ex05\\actions.ts","statementMap":{"0":{"start":{"line":7,"column":26},"end":{"line":7,"column":38}},"1":{"start":{"line":8,"column":34},"end":{"line":8,"column":54}},"2":{"start":{"line":10,"column":29},"end":{"line":10,"column":44}},"3":{"start":{"line":11,"column":28},"end":{"line":11,"column":42}},"4":{"start":{"line":13,"column":26},"end":{"line":13,"column":38}},"5":{"start":{"line":15,"column":25},"end":{"line":18,"column":2}},"6":{"start":{"line":15,"column":61},"end":{"line":18,"column":1}},"7":{"start":{"line":20,"column":32},"end":{"line":23,"column":2}},"8":{"start":{"line":20,"column":67},"end":{"line":23,"column":1}},"9":{"start":{"line":25,"column":26},"end":{"line":27,"column":2}},"10":{"start":{"line":25,"column":41},"end":{"line":27,"column":1}},"11":{"start":{"line":29,"column":36},"end":{"line":29,"column":59}},"12":{"start":{"line":30,"column":35},"end":{"line":30,"column":57}}},"fnMap":{"0":{"name":"(anonymous_0)","decl":{"start":{"line":15,"column":25},"end":{"line":15,"column":26}},"loc":{"start":{"line":15,"column":61},"end":{"line":18,"column":1}},"line":15},"1":{"name":"(anonymous_1)","decl":{"start":{"line":20,"column":32},"end":{"line":20,"column":33}},"loc":{"start":{"line":20,"column":67},"end":{"line":23,"column":1}},"line":20},"2":{"name":"(anonymous_2)","decl":{"start":{"line":25,"column":26},"end":{"line":25,"column":27}},"loc":{"start":{"line":25,"column":41},"end":{"line":27,"column":1}},"line":25}},"branchMap":{},"s":{"0":1,"1":1,"2":1,"3":1,"4":1,"5":1,"6":0,"7":1,"8":1,"9":1,"10":0,"11":1,"12":1},"f":{"0":0,"1":1,"2":0},"b":{},"_coverageSchema":"1a1c01bbd47fc00a2c39e90264f33305004495a9","hash":"1e9a7dbd825924dc6bc8efd95b41857456e16b3c"}
,"C:\\Cmder\\dev\\workshop-test\\src\\exercises\\ex05\\api.ts": {"path":"C:\\Cmder\\dev\\workshop-test\\src\\exercises\\ex05\\api.ts","statementMap":{"0":{"start":{"line":1,"column":14},"end":{"line":1,"column":71}},"1":{"start":{"line":1,"column":30},"end":{"line":1,"column":71}},"2":{"start":{"line":1,"column":51},"end":{"line":1,"column":70}},"3":{"start":{"line":3,"column":28},"end":{"line":12,"column":1}},"4":{"start":{"line":4,"column":2},"end":{"line":4,"column":19}},"5":{"start":{"line":5,"column":2},"end":{"line":11,"column":4}}},"fnMap":{"0":{"name":"(anonymous_0)","decl":{"start":{"line":1,"column":14},"end":{"line":1,"column":15}},"loc":{"start":{"line":1,"column":30},"end":{"line":1,"column":71}},"line":1},"1":{"name":"(anonymous_1)","decl":{"start":{"line":1,"column":42},"end":{"line":1,"column":43}},"loc":{"start":{"line":1,"column":51},"end":{"line":1,"column":70}},"line":1},"2":{"name":"(anonymous_2)","decl":{"start":{"line":3,"column":28},"end":{"line":3,"column":29}},"loc":{"start":{"line":3,"column":50},"end":{"line":12,"column":1}},"line":3}},"branchMap":{},"s":{"0":1,"1":0,"2":0,"3":1,"4":0,"5":0},"f":{"0":0,"1":0,"2":0},"b":{},"_coverageSchema":"1a1c01bbd47fc00a2c39e90264f33305004495a9","hash":"2185442e874d8e13d0aa0b8a6fe608e11294db55"}
,"C:\\Cmder\\dev\\workshop-test\\src\\exercises\\ex05\\saga.ts": {"path":"C:\\Cmder\\dev\\workshop-test\\src\\exercises\\ex05\\saga.ts","statementMap":{"0":{"start":{"line":11,"column":2},"end":{"line":11,"column":26}},"1":{"start":{"line":13,"column":34},"end":{"line":13,"column":74}},"2":{"start":{"line":14,"column":2},"end":{"line":14,"column":45}},"3":{"start":{"line":15,"column":2},"end":{"line":15,"column":36}},"4":{"start":{"line":16,"column":2},"end":{"line":16,"column":25}},"5":{"start":{"line":20,"column":2},"end":{"line":20,"column":45}}},"fnMap":{"0":{"name":"fetchUserSaga","decl":{"start":{"line":10,"column":17},"end":{"line":10,"column":30}},"loc":{"start":{"line":10,"column":44},"end":{"line":17,"column":1}},"line":10},"1":{"name":"userSaga","decl":{"start":{"line":19,"column":10},"end":{"line":19,"column":18}},"loc":{"start":{"line":19,"column":21},"end":{"line":21,"column":1}},"line":19}},"branchMap":{},"s":{"0":1,"1":1,"2":1,"3":1,"4":1,"5":0},"f":{"0":1,"1":0},"b":{},"_coverageSchema":"1a1c01bbd47fc00a2c39e90264f33305004495a9","hash":"0b053df2c7204de8374ebee150eec35182664c44"}
}
