TN:
SF:src\exercises\ex01\ex01.tsx
FN:1,(anonymous_0)
FNF:1
FNH:1
FNDA:6,(anonymous_0)
DA:1,1
DA:2,6
LF:2
LH:2
BRDA:5,0,0,6
BRDA:5,0,1,0
BRDA:7,1,0,6
BRDA:7,1,1,0
BRDA:9,2,0,6
BRDA:9,2,1,0
BRF:6
BRH:3
end_of_record
TN:
SF:src\exercises\ex02\ex02.tsx
FN:3,(anonymous_0)
FN:3,(anonymous_1)
FN:10,(anonymous_2)
FN:11,(anonymous_3)
FN:30,(anonymous_4)
FN:37,(anonymous_5)
FN:41,(anonymous_6)
FN:44,(anonymous_7)
FNF:8
FNH:8
FNDA:29,(anonymous_0)
FNDA:1,(anonymous_1)
FNDA:3,(anonymous_2)
FNDA:3,(anonymous_3)
FNDA:6,(anonymous_4)
FNDA:14,(anonymous_5)
FNDA:2,(anonymous_6)
FNDA:2,(anonymous_7)
DA:3,1
DA:4,29
DA:5,29
DA:6,29
DA:7,29
DA:8,29
DA:10,29
DA:11,3
DA:12,3
DA:16,29
DA:30,6
DA:37,14
DA:42,2
DA:43,2
DA:44,2
DA:45,2
DA:47,2
LF:17
LH:17
BRDA:3,0,0,16
BRDA:18,1,0,3
BRDA:18,1,1,26
BRDA:53,2,0,26
BRDA:53,2,1,3
BRDA:53,2,2,1
BRF:6
BRH:6
end_of_record
TN:
SF:src\exercises\ex03\ex03.tsx
FN:8,(anonymous_0)
FN:17,(anonymous_1)
FN:25,(anonymous_2)
FN:28,(anonymous_3)
FN:29,(anonymous_4)
FN:39,(anonymous_5)
FNF:6
FNH:5
FNDA:1,(anonymous_0)
FNDA:0,(anonymous_1)
FNDA:4,(anonymous_2)
FNDA:4,(anonymous_3)
FNDA:4,(anonymous_4)
FNDA:1,(anonymous_5)
DA:6,1
DA:8,1
DA:9,1
DA:10,0
DA:12,1
DA:15,1
DA:17,1
DA:18,0
DA:25,1
DA:26,4
DA:27,4
DA:28,4
DA:29,4
DA:30,4
DA:39,1
LF:15
LH:13
BRDA:8,0,0,1
BRDA:9,1,0,0
BRDA:9,1,1,1
BRF:3
BRH:2
end_of_record
TN:
SF:src\exercises\ex03\mocks.tsx
FN:18,mockStore
FN:25,mockProviderFunc
FN:29,mockProviderWithStoreFunc
FN:51,(anonymous_3)
FN:56,(anonymous_4)
FN:62,(anonymous_5)
FN:68,(anonymous_6)
FN:71,(anonymous_7)
FN:86,(anonymous_8)
FN:96,(anonymous_9)
FN:104,(anonymous_10)
FN:108,(anonymous_11)
FN:136,(anonymous_12)
FN:140,(anonymous_13)
FN:146,(anonymous_14)
FN:156,(anonymous_15)
FNF:16
FNH:7
FNDA:4,mockStore
FNDA:3,mockProviderFunc
FNDA:1,mockProviderWithStoreFunc
FNDA:4,(anonymous_3)
FNDA:0,(anonymous_4)
FNDA:0,(anonymous_5)
FNDA:0,(anonymous_6)
FNDA:0,(anonymous_7)
FNDA:1,(anonymous_8)
FNDA:4,(anonymous_9)
FNDA:0,(anonymous_10)
FNDA:0,(anonymous_11)
FNDA:0,(anonymous_12)
FNDA:0,(anonymous_13)
FNDA:4,(anonymous_14)
FNDA:0,(anonymous_15)
DA:14,1
DA:16,1
DA:19,4
DA:20,1
DA:22,4
DA:26,3
DA:33,1
DA:34,1
DA:35,1
DA:38,1
DA:44,1
DA:50,1
DA:52,4
DA:56,1
DA:57,0
DA:58,0
DA:62,1
DA:63,0
DA:64,0
DA:68,1
DA:69,0
DA:71,1
DA:76,0
DA:83,0
DA:86,1
DA:96,1
DA:97,4
DA:98,4
DA:99,4
DA:100,4
DA:101,0
DA:102,0
DA:105,0
DA:106,0
DA:108,0
DA:109,0
DA:111,0
DA:112,0
DA:117,4
DA:135,1
DA:136,0
DA:137,1
DA:139,0
DA:141,0
DA:144,0
DA:146,1
DA:147,4
DA:149,1
DA:153,1
DA:156,1
LF:50
LH:31
BRDA:19,0,0,1
BRDA:19,0,1,3
BRDA:87,1,0,0
BRDA:88,2,0,1
BRDA:89,3,0,1
BRDA:90,4,0,1
BRDA:91,5,0,1
BRDA:92,6,0,1
BRDA:93,7,0,1
BRDA:96,8,0,0
BRDA:97,9,0,0
BRDA:97,9,1,4
BRDA:100,10,0,0
BRDA:100,10,1,4
BRDA:108,11,0,0
BRDA:108,11,1,0
BRDA:111,12,0,0
BRDA:111,12,1,0
BRDA:124,13,0,0
BRDA:124,13,1,4
BRDA:125,14,0,0
BRDA:125,14,1,4
BRDA:129,15,0,0
BRDA:129,15,1,4
BRDA:135,16,0,0
BRDA:135,16,1,1
BRDA:137,17,0,0
BRDA:137,17,1,1
BRDA:139,18,0,0
BRDA:139,18,1,0
BRF:30
BRH:15
end_of_record
TN:
SF:src\exercises\ex04\actions.ts
FN:12,(anonymous_0)
FNF:1
FNH:1
FNDA:1,(anonymous_0)
DA:7,1
DA:8,1
DA:10,1
DA:12,1
LF:4
LH:4
BRF:0
BRH:0
end_of_record
TN:
SF:src\exercises\ex04\reducer.ts
FN:7,(anonymous_0)
FNF:1
FNH:1
FNDA:2,(anonymous_0)
DA:3,1
DA:7,1
DA:8,2
DA:10,1
DA:12,1
DA:14,0
LF:6
LH:5
BRDA:7,0,0,0
BRDA:8,1,0,1
BRDA:8,1,1,1
BRF:3
BRH:2
end_of_record
TN:
SF:src\exercises\ex05\actions.ts
FN:15,(anonymous_0)
FN:20,(anonymous_1)
FN:25,(anonymous_2)
FNF:3
FNH:1
FNDA:0,(anonymous_0)
FNDA:1,(anonymous_1)
FNDA:0,(anonymous_2)
DA:7,1
DA:8,1
DA:10,1
DA:11,1
DA:13,1
DA:15,1
DA:20,1
DA:25,1
DA:29,1
DA:30,1
LF:10
LH:10
BRF:0
BRH:0
end_of_record
TN:
SF:src\exercises\ex05\api.ts
FN:1,(anonymous_0)
FN:1,(anonymous_1)
FN:3,(anonymous_2)
FNF:3
FNH:0
FNDA:0,(anonymous_0)
FNDA:0,(anonymous_1)
FNDA:0,(anonymous_2)
DA:1,1
DA:3,1
DA:4,0
DA:5,0
LF:4
LH:2
BRF:0
BRH:0
end_of_record
TN:
SF:src\exercises\ex05\saga.ts
FN:10,fetchUserSaga
FN:19,userSaga
FNF:2
FNH:1
FNDA:1,fetchUserSaga
FNDA:0,userSaga
DA:11,1
DA:13,1
DA:14,1
DA:15,1
DA:16,1
DA:20,0
LF:6
LH:5
BRF:0
BRH:0
end_of_record
